19:04:31 **** Incremental Build of configuration Debug for project TP_LED_H743IIT6_Hollies ****
make -j8 all 
arm-none-eabi-gcc "../Core/Src/main.c" -mcpu=cortex-m7 -std=gnu11 -g3 -DDEBUG -DUSE_HAL_DRIVER -DSTM32H743xx -DARM_MATH_CM7 -c -I../Core/Inc -I../Drivers/STM32H7xx_HAL_Driver/Inc -I../Drivers/STM32H7xx_HAL_Driver/Inc/Legacy -I../Drivers/CMSIS/Device/ST/STM32H7xx/Include -I../Drivers/CMSIS/Include -I../Middlewares/ST/ARM/DSP/Inc -O0 -ffunction-sections -fdata-sections -Wall -fstack-usage -fcyclomatic-complexity -MMD -MP -MF"Core/Src/main.d" -MT"Core/Src/main.o" --specs=nano.specs -mfpu=fpv5-d16 -mfloat-abi=hard -mthumb -o "Core/Src/main.o"
../Core/Src/main.c:52:13: warning: 'MPU_Initialize' declared 'static' but never defined [-Wunused-function]
   52 | static void MPU_Initialize(void);
      |             ^~~~~~~~~~~~~~
arm-none-eabi-gcc -o "TP_LED_H743IIT6_Hollies.elf" @"objects.list"   -mcpu=cortex-m7 -T"E:\Document\STM32_Project\TP_LED_H743IIT6_Hollies\STM32H743IITX_FLASH.ld" --specs=nosys.specs -Wl,-Map="TP_LED_H743IIT6_Hollies.map" -Wl,--gc-sections -static --specs=nano.specs -mfpu=fpv5-d16 -mfloat-abi=hard -mthumb -Wl,--start-group -lc -lm -Wl,--end-group
E:/Software/STM32CubeIDE_1.12.0/STM32CubeIDE/plugins/com.st.stm32cube.ide.mcu.externaltools.gnu-tools-for-stm32.11.3.rel1.win32_1.1.1.202309131626/tools/bin/../lib/gcc/arm-none-eabi/11.3.1/../../../../arm-none-eabi/bin/ld.exe: ./Core/Src/main.o: in function `main':
E:/Document/STM32_Project/TP_LED_H743IIT6_Hollies/Debug/../Core/Src/main.c:106: undefined reference to `arm_sin_cos_f32'
collect2.exe: error: ld returned 1 exit status
make: *** [makefile:64: TP_LED_H743IIT6_Hollies.elf] Error 1
"make -j8 all" terminated with exit code 2. Build might be incomplete.

19:04:32 Build Failed. 3 errors, 1 warnings. (took 752ms)

